{"method":"GET","path":"/user-profile","time":7}
{"method":"GET","path":"/user-profile","time":141}
{"method":"GET","path":"/user-profile","time":101}
{"method":"GET","path":"/user-profile","time":142}
{"method":"GET","path":"/user-profile","time":148}
{"method":"GET","path":"/user-profile","time":117}
{"method":"GET","path":"/user-profile","time":134}
{"method":"GET","path":"/user-profile","time":96}
{"method":"GET","path":"/user-profile","time":123}
{"method":"GET","path":"/user-profile","time":107}
{"method":"GET","path":"/user-profile","time":143}
{"method":"GET","path":"/user-profile","time":116}
{"method":"POST","path":"/verify-email/819587","time":104}
{"method":"POST","path":"/verify-email/819587","time":186}
{"method":"POST","path":"/request-ac-verification","time":4824}
{"method":"POST","path":"/request-ac-verification","time":4165}
{"method":"POST","path":"/verify-email/261984","time":4525}
{"method":"DELETE","path":"/logout-user","time":65}
{"method":"DELETE","path":"/logout-user","time":507}
{"method":"POST","path":"/request-ac-verification","time":244}
{"method":"GET","path":"/user-profile","time":236}
{"method":"GET","path":"/check-username/gaurav4149singh@gmail.com","time":119}
{"method":"DELETE","path":"/logout-user","time":335}
{"method":"DELETE","path":"/logout-user","time":150}
{"method":"GET","path":"/user-profile","time":136}
{"method":"GET","path":"/user-profile","time":97}
{"method":"GET","path":"/user-profile","time":129}
{"method":"GET","path":"/user-profile","time":403}
{"method":"GET","path":"/auth/user","time":8}
{"method":"GET","path":"/auth/user","time":215}
{"method":"GET","path":"/auth/user","time":228}
{"method":"GET","path":"/user/62bde7a137d33a55434094cd","time":200}
